0 info it worked if it ends with ok
1 verbose cli [ '/home/zibx/.nvm/versions/node/v6.2.0/bin/node',
1 verbose cli   '/home/zibx/.nvm/versions/node/v6.2.0/bin/npm',
1 verbose cli   'publish' ]
2 info using npm@3.8.9
3 info using node@v6.2.0
4 verbose publish [ '.' ]
5 silly cache add args [ '.', null ]
6 verbose cache add spec .
7 silly cache add parsed spec Result {
7 silly cache add   raw: '.',
7 silly cache add   scope: null,
7 silly cache add   name: null,
7 silly cache add   rawSpec: '.',
7 silly cache add   spec: '/home/zibx/work/qs',
7 silly cache add   type: 'directory' }
8 verbose addLocalDirectory /home/zibx/.npm/quokka-script/1.1.0/package.tgz not in flight; packing
9 verbose correctMkdir /home/zibx/.npm correctMkdir not in flight; initializing
10 info lifecycle quokka-script@1.1.0~prepublish: quokka-script@1.1.0
11 silly lifecycle quokka-script@1.1.0~prepublish: no script for prepublish, continuing
12 verbose tar pack [ '/home/zibx/.npm/quokka-script/1.1.0/package.tgz',
12 verbose tar pack   '/home/zibx/work/qs' ]
13 verbose tarball /home/zibx/.npm/quokka-script/1.1.0/package.tgz
14 verbose folder /home/zibx/work/qs
15 verbose addLocalTarball adding from inside cache /home/zibx/.npm/quokka-script/1.1.0/package.tgz
16 verbose correctMkdir /home/zibx/.npm correctMkdir not in flight; initializing
17 silly cache afterAdd quokka-script@1.1.0
18 verbose afterAdd /home/zibx/.npm/quokka-script/1.1.0/package/package.json not in flight; writing
19 verbose correctMkdir /home/zibx/.npm correctMkdir not in flight; initializing
20 verbose afterAdd /home/zibx/.npm/quokka-script/1.1.0/package/package.json written
21 silly publish { name: 'quokka-script',
21 silly publish   version: '1.1.0',
21 silly publish   description: 'QuokkaScript compiler.',
21 silly publish   main: 'index.js',
21 silly publish   scripts: { test: 'mocha', build: 'node build -c test/config.json' },
21 silly publish   dependencies:
21 silly publish    { jison: '*',
21 silly publish      'source-map': '^0.5.6',
21 silly publish      escodegen: '*',
21 silly publish      esprima: '*',
21 silly publish      minimist: '*',
21 silly publish      'z-lib': '*',
21 silly publish      marked: '*' },
21 silly publish   devDependencies: { chai: '*', mocha: '*', istanbul: '*' },
21 silly publish   author: { name: 'Quokka-labs' },
21 silly publish   license: 'MPL-2.0',
21 silly publish   readme: 'Building.\n\nnode build.\n\nExample:\n  clone QComponent4 to dir test/lib\n\n  look at the example of config in test/config.json\n\n  it is important to specify a Type Table path. Compiler would use it to get the knowledge about namespaces',
21 silly publish   readmeFilename: 'README',
21 silly publish   gitHead: 'cc1084bf9565227708e2636f4902148c62ccafcf',
21 silly publish   _id: 'quokka-script@1.1.0',
21 silly publish   _shasum: '7e8acb89aae70bff5e5602c57c11b78dd1d74725',
21 silly publish   _from: '.' }
22 verbose getPublishConfig undefined
23 silly mapToRegistry name quokka-script
24 silly mapToRegistry using default registry
25 silly mapToRegistry registry https://registry.npmjs.org/
26 silly mapToRegistry data Result {
26 silly mapToRegistry   raw: 'quokka-script',
26 silly mapToRegistry   scope: null,
26 silly mapToRegistry   name: 'quokka-script',
26 silly mapToRegistry   rawSpec: '',
26 silly mapToRegistry   spec: 'latest',
26 silly mapToRegistry   type: 'tag' }
27 silly mapToRegistry uri https://registry.npmjs.org/quokka-script
28 verbose publish registryBase https://registry.npmjs.org/
29 silly publish uploading /home/zibx/.npm/quokka-script/1.1.0/package.tgz
30 verbose request uri https://registry.npmjs.org/quokka-script
31 verbose request sending authorization for write operation
32 info attempt registry request try #1 at 4:04:36 PM
33 verbose request using bearer token for auth
34 verbose request id 21e3d2354232fa13
35 http request PUT https://registry.npmjs.org/quokka-script
36 http 403 https://registry.npmjs.org/quokka-script
37 verbose headers { 'content-type': 'application/json',
37 verbose headers   'cache-control': 'max-age=300',
37 verbose headers   'content-length': '95',
37 verbose headers   'accept-ranges': 'bytes',
37 verbose headers   date: 'Mon, 26 Jun 2017 13:04:37 GMT',
37 verbose headers   via: '1.1 varnish',
37 verbose headers   connection: 'keep-alive',
37 verbose headers   'x-served-by': 'cache-bma7030-BMA',
37 verbose headers   'x-cache': 'MISS',
37 verbose headers   'x-cache-hits': '0',
37 verbose headers   'x-timer': 'S1498482276.172494,VS0,VE1554',
37 verbose headers   vary: 'Accept-Encoding' }
38 verbose request invalidating /home/zibx/.npm/registry.npmjs.org/quokka-script on PUT
39 error publish Failed PUT 403
40 verbose stack Error: "You cannot publish over the previously published version 1.1.0." : quokka-script
40 verbose stack     at makeError (/home/zibx/.nvm/versions/node/v6.2.0/lib/node_modules/npm/node_modules/npm-registry-client/lib/request.js:264:12)
40 verbose stack     at CachingRegistryClient.<anonymous> (/home/zibx/.nvm/versions/node/v6.2.0/lib/node_modules/npm/node_modules/npm-registry-client/lib/request.js:252:14)
40 verbose stack     at Request._callback (/home/zibx/.nvm/versions/node/v6.2.0/lib/node_modules/npm/node_modules/npm-registry-client/lib/request.js:172:14)
40 verbose stack     at Request.self.callback (/home/zibx/.nvm/versions/node/v6.2.0/lib/node_modules/npm/node_modules/request/request.js:200:22)
40 verbose stack     at emitTwo (events.js:106:13)
40 verbose stack     at Request.emit (events.js:191:7)
40 verbose stack     at Request.<anonymous> (/home/zibx/.nvm/versions/node/v6.2.0/lib/node_modules/npm/node_modules/request/request.js:1067:10)
40 verbose stack     at emitOne (events.js:101:20)
40 verbose stack     at Request.emit (events.js:188:7)
40 verbose stack     at IncomingMessage.<anonymous> (/home/zibx/.nvm/versions/node/v6.2.0/lib/node_modules/npm/node_modules/request/request.js:988:12)
41 verbose statusCode 403
42 verbose pkgid quokka-script
43 verbose cwd /home/zibx/work/qs
44 error Linux 4.10.17-100.fc24.x86_64
45 error argv "/home/zibx/.nvm/versions/node/v6.2.0/bin/node" "/home/zibx/.nvm/versions/node/v6.2.0/bin/npm" "publish"
46 error node v6.2.0
47 error npm  v3.8.9
48 error code E403
49 error "You cannot publish over the previously published version 1.1.0." : quokka-script
50 error If you need help, you may report this error at:
50 error     <https://github.com/npm/npm/issues>
51 verbose exit [ 1, true ]
